2026-03-09 14:14:47 | INFO     | root                 | 日志系统初始化完成 | 级别=INFO | 文件=logs/btc_trader.log | 最大10MB × 10个备份
2026-03-09 14:27:01 | INFO     | root                 | 日志系统初始化完成 | 级别=INFO | 文件=logs/btc_trader.log | 最大10MB × 10个备份
2026-03-09 14:27:01 | INFO     | backtest             | 加载15m数据: 35040根K线 | 2025-03-09 18:30:00+00:00 ~ 2026-03-09 18:15:00+00:00
2026-03-09 14:27:01 | INFO     | backtest             | 加载1h数据: 8760根K线 | 2025-03-09 19:00:00+00:00 ~ 2026-03-09 18:00:00+00:00
2026-03-09 14:27:01 | INFO     | backtest             | 加载5m数据: 25920根K线 | 2025-12-09 18:30:00+00:00 ~ 2026-03-09 18:25:00+00:00
2026-03-09 14:27:01 | INFO     | backtest             | 
============================================================
  回测开始 | 共识评分=关闭
  数据范围: 2025-12-09 18:30:00+00:00 ~ 2026-03-09 18:15:00+00:00
  K线数量: 8640 根
  初始资金: 10000 USDT
============================================================
2026-03-09 14:27:02 | INFO     | risk_manager         | [RiskManager] 仓位确认 | 数量=0.077000 BTC | 名义=7128.77 USDT | 实际风险=98.81 USDT (0.988%) | 所需保证金=1425.75 USDT
2026-03-09 14:27:02 | INFO     | exit_manager         | [ExitManager] 持仓初始化 | 入场=92599.92 | 止损=91298.09 | 1R=1301.83 | TP1=94162.11 | TP2=95203.57 | 数量=0.077000
2026-03-09 14:27:02 | INFO     | exit_manager         | [ExitManager] 保本移损 | 当前价=94252.99 | 新止损=92692.52 | 盈利=1.27R
2026-03-09 14:27:02 | INFO     | exit_manager         | [ExitManager] TP1触发 | 价格=94252.99 | 减仓=0.026950 | 剩余=0.050050 | PnL=44.55
2026-03-09 14:27:02 | INFO     | exit_manager         | [ExitManager] 止损触发 | 价格=92453.89 | 止损=92692.52 | 数量=0.050050 | PnL=-7.31
2026-03-09 14:27:02 | INFO     | risk_manager         | [RiskManager] 仓位确认 | 数量=0.136000 BTC | 名义=12563.91 USDT | 实际风险=170.55 USDT (0.994%) | 所需保证金=2512.78 USDT
2026-03-09 14:27:02 | INFO     | exit_manager         | [ExitManager] 持仓初始化 | 入场=92400.18 | 止损=91127.65 | 1R=1272.53 | TP1=93927.21 | TP2=94945.23 | 数量=0.136000
2026-03-09 14:27:02 | INFO     | exit_manager         | [ExitManager] 止损触发 | 价格=90987.92 | 止损=91127.65 | 数量=0.136000 | PnL=-192.07
2026-03-09 14:27:02 | INFO     | risk_manager         | [RiskManager] 仓位确认 | 数量=1.087000 BTC | 名义=97924.96 USDT | 实际风险=294.99 USDT (0.999%) | 所需保证金=19584.99 USDT
2026-03-09 14:27:02 | INFO     | exit_manager         | [ExitManager] 持仓初始化 | 入场=90105.38 | 止损=89815.98 | 1R=289.40 | TP1=90452.65 | TP2=92040.00 | 数量=1.087000
2026-03-09 14:27:02 | INFO     | exit_manager         | [ExitManager] 止损触发 | 价格=89633.05 | 止损=89815.98 | 数量=1.087000 | PnL=-513.42
2026-03-09 14:27:03 | INFO     | risk_manager         | [RiskManager] 仓位确认 | 数量=2.305000 BTC | 名义=206844.89 USDT | 实际风险=1268.03 USDT (1.000%) | 所需保证金=41368.98 USDT
2026-03-09 14:27:03 | INFO     | exit_manager         | [ExitManager] 持仓初始化 | 入场=89755.43 | 止损=89187.36 | 1R=568.07 | TP1=90437.11 | TP2=91528.30 | 数量=2.305000
2026-03-09 14:27:03 | INFO     | exit_manager         | [ExitManager] 保本移损 | 当前价=90436.55 | 新止损=89845.18 | 盈利=1.20R
2026-03-09 14:27:03 | INFO     | exit_manager         | [ExitManager] 止损触发 | 价格=89545.24 | 止损=89845.18 | 数量=2.305000 | PnL=-484.48
2026-03-09 14:27:03 | INFO     | risk_manager         | [RiskManager] 仓位确认 | 数量=9.065000 BTC | 名义=816865.46 USDT | 实际风险=3330.39 USDT (1.000%) | 所需保证金=163373.09 USDT
2026-03-09 14:27:03 | INFO     | exit_manager         | [ExitManager] 持仓初始化 | 入场=90130.04 | 止损=89744.63 | 1R=385.41 | TP1=90592.54 | TP2=90900.87 | 数量=9.065000
2026-03-09 14:27:03 | INFO     | exit_manager         | [ExitManager] 止损触发 | 价格=89395.91 | 止损=89744.63 | 数量=9.065000 | PnL=-6654.91
2026-03-09 14:27:03 | INFO     | risk_manager         | [RiskManager] 仓位确认 | 数量=21.777000 BTC | 名义=1950417.59 USDT | 实际风险=11425.74 USDT (1.000%) | 所需保证金=390083.52 USDT
2026-03-09 14:27:03 | INFO     | exit_manager         | [ExitManager] 持仓初始化 | 入场=89581.10 | 止损=89038.52 | 1R=542.58 | TP1=90232.20 | TP2=90666.27 | 数量=21.777000
2026-03-09 14:27:03 | INFO     | exit_manager         | [ExitManager] 保本移损 | 当前价=90325.54 | 新止损=89670.68 | 盈利=1.37R
2026-03-09 14:27:03 | INFO     | exit_manager         | [ExitManager] TP1触发 | 价格=90325.54 | 减仓=7.621950 | 剩余=14.155050 | PnL=5674.06
2026-03-09 14:27:03 | INFO     | exit_manager         | [ExitManager] TP2触发 | 价格=91169.65 | 减仓=7.621950 | 剩余=6.533100 | PnL=12107.83
2026-03-09 14:27:03 | INFO     | exit_manager         | [ExitManager] 止损触发 | 价格=92333.12 | 止损=92461.40 | 数量=6.533100 | PnL=17979.20
2026-03-09 14:27:04 | INFO     | risk_manager         | [RiskManager] 仓位确认 | 数量=55.488000 BTC | 名义=5094388.24 USDT | 实际风险=31271.93 USDT (1.000%) | 所需保证金=1018877.65 USDT
2026-03-09 14:27:04 | INFO     | exit_manager         | [ExitManager] 持仓初始化 | 入场=91828.99 | 止损=91247.05 | 1R=581.94 | TP1=92527.32 | TP2=92992.88 | 数量=55.488000
2026-03-09 14:27:04 | INFO     | exit_manager         | [ExitManager] 保本移损 | 当前价=92437.78 | 新止损=91920.82 | 盈利=1.05R
2026-03-09 14:27:04 | INFO     | exit_manager         | [ExitManager] TP1触发 | 价格=92588.79 | 减仓=19.420800 | 剩余=36.067200 | PnL=14755.88
2026-03-09 14:27:04 | INFO     | exit_manager         | [ExitManager] 止损触发 | 价格=90842.70 | 止损=91920.82 | 数量=36.067200 | PnL=-35572.80
2026-03-09 14:27:05 | INFO     | risk_manager         | [RiskManager] 仓位确认 | 数量=221.031000 BTC | 名义=19878453.93 USDT | 实际风险=81967.14 USDT (1.000%) | 所需保证金=3975690.79 USDT
2026-03-09 14:27:05 | INFO     | exit_manager         | [ExitManager] 持仓初始化 | 入场=89953.13 | 止损=89564.30 | 1R=388.83 | TP1=90419.72 | TP2=90989.49 | 数量=221.031000
2026-03-09 14:27:05 | INFO     | exit_manager         | [ExitManager] 保本移损 | 当前价=90409.17 | 新止损=90043.08 | 盈利=1.17R
2026-03-09 14:27:05 | INFO     | exit_manager         | [ExitManager] 止损触发 | 价格=89652.01 | 止损=90043.08 | 数量=221.031000 | PnL=-66556.20
2026-03-09 14:27:05 | INFO     | risk_manager         | [RiskManager] 仓位确认 | 数量=549.124000 BTC | 名义=49446716.23 USDT | 实际风险=279926.94 USDT (1.000%) | 所需保证金=9889343.25 USDT
2026-03-09 14:27:05 | INFO     | exit_manager         | [ExitManager] 持仓初始化 | 入场=90064.55 | 止损=89536.77 | 1R=527.78 | TP1=90697.88 | TP2=91280.67 | 数量=549.124000
2026-03-09 14:27:05 | INFO     | exit_manager         | [ExitManager] 保本移损 | 当前价=90603.06 | 新止损=90154.61 | 盈利=1.02R
2026-03-09 14:27:05 | INFO     | exit_manager         | [ExitManager] 止损触发 | 价格=89961.12 | 止损=90154.61 | 数量=549.124000 | PnL=-56795.52
2026-03-09 14:27:05 | INFO     | risk_manager         | [RiskManager] 仓位确认 | 数量=1040.439000 BTC | 名义=93787085.87 USDT | 实际风险=773431.14 USDT (1.000%) | 所需保证金=18757417.17 USDT
2026-03-09 14:27:05 | INFO     | exit_manager         | [ExitManager] 持仓初始化 | 入场=90159.87 | 止损=89398.47 | 1R=761.40 | TP1=91073.55 | TP2=91682.67 | 数量=1040.439000
2026-03-09 14:27:05 | INFO     | exit_manager         | [ExitManager] 止损触发 | 价格=88877.66 | 止损=89398.47 | 数量=1040.439000 | PnL=-1334059.59
2026-03-09 14:27:06 | INFO     | risk_manager         | [RiskManager] 仓位确认 | 数量=2824.365000 BTC | 名义=251701873.04 USDT | 实际风险=1697217.42 USDT (1.000%) | 所需保证金=50340374.61 USDT
2026-03-09 14:27:06 | INFO     | exit_manager         | [ExitManager] 持仓初始化 | 入场=89135.86 | 止损=88517.12 | 1R=618.74 | TP1=89878.36 | TP2=90373.35 | 数量=2824.365000
2026-03-09 14:27:06 | INFO     | exit_manager         | [ExitManager] 止损触发 | 价格=88443.85 | 止损=88517.12 | 数量=2824.365000 | PnL=-1954499.01
2026-03-09 14:27:07 | INFO     | risk_manager         | [RiskManager] 仓位确认 | 数量=15876.580000 BTC | 名义=1397558816.78 USDT | 实际风险=4192687.25 USDT (1.000%) | 所需保证金=279511763.36 USDT
2026-03-09 14:27:07 | INFO     | exit_manager         | [ExitManager] 持仓初始化 | 入场=88044.05 | 止损=87762.36 | 1R=281.69 | TP1=88382.07 | TP2=88607.42 | 数量=15876.580000
2026-03-09 14:27:07 | INFO     | exit_manager         | [ExitManager] 保本移损 | 当前价=88541.96 | 新止损=88132.09 | 盈利=1.77R
2026-03-09 14:27:07 | INFO     | exit_manager         | [ExitManager] TP1触发 | 价格=88541.96 | 减仓=5556.803000 | 剩余=10319.777000 | PnL=2766813.97
2026-03-09 14:27:07 | INFO     | exit_manager         | [ExitManager] TP2触发 | 价格=88706.32 | 减仓=5556.803000 | 剩余=4762.974000 | PnL=3680130.11
2026-03-09 14:27:07 | INFO     | exit_manager         | [ExitManager] 跟踪止盈触发 | 价格=89533.46 | 跟踪止损=89546.07 | 剩余=4762.974000 | PnL=7094043.55
2026-03-09 14:27:10 | INFO     | risk_manager         | [RiskManager] 仓位确认 | 数量=33120.470000 BTC | 名义=2878526875.28 USDT | 实际风险=18292435.58 USDT (1.000%) | 所需保证金=575705375.06 USDT
2026-03-09 14:27:10 | INFO     | exit_manager         | [ExitManager] 持仓初始化 | 入场=86928.19 | 止损=86358.51 | 1R=569.68 | TP1=87611.81 | TP2=88225.28 | 数量=33120.470000
2026-03-09 14:27:10 | INFO     | exit_manager         | [ExitManager] 止损触发 | 价格=86330.04 | 止损=86358.51 | 数量=33120.470000 | PnL=-19811080.74
2026-03-09 14:27:11 | INFO     | risk_manager         | [RiskManager] 仓位确认 | 数量=64457.399000 BTC | 名义=5555286071.20 USDT | 实际风险=46856661.63 USDT (1.000%) | 所需保证金=1111057214.24 USDT
2026-03-09 14:27:11 | INFO     | exit_manager         | [ExitManager] 持仓初始化 | 入场=86202.63 | 止损=85458.45 | 1R=744.18 | TP1=87095.64 | TP2=87690.98 | 数量=64457.399000
2026-03-09 14:27:11 | INFO     | exit_manager         | [ExitManager] 保本移损 | 当前价=87143.63 | 新止损=86288.83 | 盈利=1.26R
2026-03-09 14:27:11 | INFO     | exit_manager         | [ExitManager] TP1触发 | 价格=87143.63 | 减仓=22560.089650 | 剩余=41897.309350 | PnL=21229110.28
2026-03-09 14:27:11 | INFO     | exit_manager         | [ExitManager] TP2触发 | 价格=87977.43 | 减仓=22560.089650 | 剩余=19337.219700 | PnL=40039713.03
2026-03-09 14:27:11 | INFO     | exit_manager         | [ExitManager] 止损触发 | 价格=87224.61 | 止损=87333.08 | 数量=19337.219700 | PnL=19762308.29
2026-03-09 14:27:12 | INFO     | risk_manager         | [RiskManager] 仓位确认 | 数量=108989.574000 BTC | 名义=9543934712.18 USDT | 实际风险=103174980.23 USDT (1.000%) | 所需保证金=1908786942.44 USDT
2026-03-09 14:27:12 | INFO     | exit_manager         | [ExitManager] 持仓初始化 | 入场=87584.92 | 止损=86620.76 | 1R=964.16 | TP1=88741.92 | TP2=89513.25 | 数量=108989.574000
2026-03-09 14:27:12 | INFO     | exit_manager         | [ExitManager] 止损触发 | 价格=86423.92 | 止损=86620.76 | 数量=108989.574000 | PnL=-126537274.92
2026-03-09 14:27:13 | INFO     | risk_manager         | [RiskManager] 仓位确认 | 数量=220266.887000 BTC | 名义=19080925257.35 USDT | 实际风险=197273226.67 USDT (1.000%) | 所需保证金=3816185051.47 USDT
2026-03-09 14:27:13 | INFO     | exit_manager         | [ExitManager] 持仓初始化 | 入场=86643.72 | 止损=85730.78 | 1R=912.94 | TP1=87739.24 | TP2=88469.59 | 数量=220266.887000
2026-03-09 14:27:13 | INFO     | exit_manager         | [ExitManager] 保本移损 | 当前价=87631.37 | 新止损=86730.36 | 盈利=1.08R
2026-03-09 14:27:13 | INFO     | exit_manager         | [ExitManager] TP1触发 | 价格=89675.85 | 减仓=77093.410450 | 剩余=143173.476550 | PnL=233757606.66
2026-03-09 14:27:13 | INFO     | exit_manager         | [ExitManager] TP2触发 | 价格=89675.85 | 减仓=77093.410450 | 剩余=66080.066100 | PnL=233757606.66
2026-03-09 14:27:13 | INFO     | exit_manager         | [ExitManager] 止损触发 | 价格=86976.01 | 止损=87161.39 | 数量=66080.066100 | PnL=21958057.19
2026-03-09 14:27:13 | INFO     | risk_manager         | [RiskManager] 仓位确认 | 数量=605244.902000 BTC | 名义=52641786648.80 USDT | 实际风险=392822098.75 USDT (1.000%) | 所需保证金=10528357329.76 USDT
2026-03-09 14:27:13 | INFO     | exit_manager         | [ExitManager] 持仓初始化 | 入场=86993.41 | 止损=86326.98 | 1R=666.43 | TP1=87793.12 | TP2=88326.26 | 数量=605244.902000
2026-03-09 14:27:13 | INFO     | exit_manager         | [ExitManager] 止损触发 | 价格=85938.46 | 止损=86326.98 | 数量=605244.902000 | PnL=-638500205.40
2026-03-09 14:27:13 | INFO     | risk_manager         | [RiskManager] 仓位确认 | 数量=1392544.554000 BTC | 名义=119353559402.45 USDT | 实际风险=912436968.12 USDT (1.000%) | 所需保证金=23870711880.49 USDT
2026-03-09 14:27:13 | INFO     | exit_manager         | [ExitManager] 持仓初始化 | 入场=85726.11 | 止损=85053.74 | 1R=672.37 | TP1=86532.96 | TP2=87070.86 | 数量=1392544.554000
2026-03-09 14:27:13 | INFO     | exit_manager         | [ExitManager] 保本移损 | 当前价=86492.98 | 新止损=85811.84 | 盈利=1.14R
2026-03-09 14:27:13 | INFO     | exit_manager         | [ExitManager] TP1触发 | 价格=86698.02 | 减仓=487390.593900 | 剩余=905153.960100 | PnL=473698917.74
2026-03-09 14:27:13 | INFO     | exit_manager         | [ExitManager] TP2触发 | 价格=87372.43 | 减仓=487390.593900 | 剩余=417763.366200 | PnL=802400008.17
2026-03-09 14:27:13 | INFO     | exit_manager         | [ExitManager] 止损触发 | 价格=87124.59 | 止损=87228.55 | 数量=417763.366200 | PnL=584232962.90
2026-03-09 14:27:15 | INFO     | risk_manager         | [RiskManager] 仓位确认 | 数量=5588598.735000 BTC | 名义=502484157242.85 USDT | 实际风险=2123611633.31 USDT (1.000%) | 所需保证金=100496831448.57 USDT
2026-03-09 14:27:15 | INFO     | exit_manager         | [ExitManager] 持仓初始化 | 入场=89930.35 | 止损=89532.38 | 1R=397.97 | TP1=90407.92 | TP2=90726.30 | 数量=5588598.735000
2026-03-09 14:27:15 | INFO     | exit_manager         | [ExitManager] 止损触发 | 价格=89407.61 | 止损=89532.38 | 数量=5588598.735000 | PnL=-2921397928.93
2026-03-09 14:27:15 | INFO     | risk_manager         | [RiskManager] 仓位确认 | 数量=7722282.046000 BTC | 名义=692896583358.88 USDT | 实际风险=7115233454.36 USDT (1.000%) | 所需保证金=138579316671.78 USDT
2026-03-09 14:27:15 | INFO     | exit_manager         | [ExitManager] 持仓初始化 | 入场=89744.87 | 止损=88805.53 | 1R=939.34 | TP1=90872.07 | TP2=91623.54 | 数量=7722282.046000
2026-03-09 14:27:15 | INFO     | exit_manager         | [ExitManager] 止损触发 | 价格=88715.89 | 止损=88805.53 | 数量=7722282.046000 | PnL=-7946038133.64
2026-03-09 14:27:16 | INFO     | risk_manager         | [RiskManager] 仓位确认 | 数量=27300922.657000 BTC | 名义=2420501713834.21 USDT | 实际风险=13959234763.75 USDT (1.000%) | 所需保证金=484100342766.84 USDT
2026-03-09 14:27:16 | INFO     | exit_manager         | [ExitManager] 持仓初始化 | 入场=88677.80 | 止损=88148.76 | 1R=529.04 | TP1=89312.65 | TP2=89735.89 | 数量=27300922.657000
2026-03-09 14:27:16 | INFO     | exit_manager         | [ExitManager] 止损触发 | 价格=88127.99 | 止损=88148.76 | 数量=27300922.657000 | PnL=-15010375270.10
2026-03-09 14:27:18 | INFO     | risk_manager         | [RiskManager] 仓位确认 | 数量=141407781.282000 BTC | 名义=12665158234888.26 USDT | 实际风险=37994856752.66 USDT (1.000%) | 所需保证金=2533031646977.65 USDT
2026-03-09 14:27:18 | INFO     | exit_manager         | [ExitManager] 持仓初始化 | 入场=89582.70 | 止损=89296.10 | 1R=286.60 | TP1=89926.63 | TP2=90155.91 | 数量=141407781.282000
2026-03-09 14:27:18 | INFO     | exit_manager         | [ExitManager] 止损触发 | 价格=88232.85 | 止损=89296.10 | 数量=141407781.282000 | PnL=-190879711847.72
2026-03-09 14:27:18 | INFO     | risk_manager         | [RiskManager] 仓位确认 | 数量=203108702.278000 BTC | 名义=17892300547162.12 USDT | 实际风险=162637262262.09 USDT (1.000%) | 所需保证金=3578460109432.42 USDT
2026-03-09 14:27:18 | INFO     | exit_manager         | [ExitManager] 持仓初始化 | 入场=88109.86 | 止损=87291.50 | 1R=818.36 | TP1=89091.89 | TP2=89746.58 | 数量=203108702.278000
2026-03-09 14:27:18 | INFO     | exit_manager         | [ExitManager] 止损触发 | 价格=87236.09 | 止损=87291.50 | 数量=203108702.278000 | PnL=-177469975564.74
2026-03-09 14:27:18 | INFO     | risk_manager         | [RiskManager] 仓位确认 | 数量=450485176.547000 BTC | 名义=39798058863823.53 USDT | 实际风险=339643298857.62 USDT (1.000%) | 所需保证金=7959611772764.71 USDT
2026-03-09 14:27:18 | INFO     | exit_manager         | [ExitManager] 持仓初始化 | 入场=88362.55 | 止损=87590.93 | 1R=771.62 | TP1=89288.49 | TP2=89905.79 | 数量=450485176.547000
2026-03-09 14:27:18 | INFO     | exit_manager         | [ExitManager] 保本移损 | 当前价=89135.14 | 新止损=88450.91 | 盈利=1.00R
2026-03-09 14:27:18 | INFO     | exit_manager         | [ExitManager] 止损触发 | 价格=88199.40 | 止损=88450.91 | 数量=450485176.547000 | PnL=-73496195256.83
2026-03-09 14:27:21 | INFO     | risk_manager         | [RiskManager] 仓位确认 | 数量=805937947.862000 BTC | 名义=72133823850595.19 USDT | 实际风险=736570868689.51 USDT (1.000%) | 所需保证金=14426764770119.04 USDT
2026-03-09 14:27:21 | INFO     | exit_manager         | [ExitManager] 持仓初始化 | 入场=89520.85 | 止损=88589.02 | 1R=931.83 | TP1=90639.05 | TP2=91384.51 | 数量=805937947.862000
2026-03-09 14:27:21 | INFO     | exit_manager         | [ExitManager] 保本移损 | 当前价=90627.00 | 新止损=89610.37 | 盈利=1.19R
2026-03-09 14:27:21 | INFO     | exit_manager         | [ExitManager] 止损触发 | 价格=89416.00 | 止损=89610.37 | 数量=805937947.862000 | PnL=-84503069336.72
2026-03-09 14:27:21 | INFO     | risk_manager         | [RiskManager] 仓位确认 | 数量=2562929765.125000 BTC | 名义=229532145369947.31 USDT | 实际风险=1456487356222.87 USDT (1.000%) | 所需保证金=45906429073989.46 USDT
2026-03-09 14:27:21 | INFO     | exit_manager         | [ExitManager] 持仓初始化 | 入场=89576.41 | 止损=88990.21 | 1R=586.20 | TP1=90279.85 | TP2=90748.82 | 数量=2562929765.125000
2026-03-09 14:27:21 | INFO     | exit_manager         | [ExitManager] 保本移损 | 当前价=90192.10 | 新止损=89665.99 | 盈利=1.05R
2026-03-09 14:27:21 | INFO     | exit_manager         | [ExitManager] TP1触发 | 价格=90372.39 | 减仓=897025417.793750 | 剩余=1665904347.331250 | PnL=714012767112.26
2026-03-09 14:27:21 | INFO     | exit_manager         | [ExitManager] TP2触发 | 价格=91399.99 | 减仓=897025417.793750 | 剩余=768878929.537500 | PnL=1635796086437.12
2026-03-09 14:27:21 | INFO     | exit_manager         | [ExitManager] 跟踪止盈触发 | 价格=91081.52 | 跟踪止损=91094.00 | 剩余=768878929.537500 | PnL=1157246058542.01
2026-03-09 14:27:26 | INFO     | risk_manager         | [RiskManager] 仓位确认 | 数量=4324063039.078000 BTC | 名义=394026352779247.62 USDT | 实际风险=3785025340626.58 USDT (1.000%) | 所需保证金=78805270555849.53 USDT
2026-03-09 14:27:26 | INFO     | exit_manager         | [ExitManager] 持仓初始化 | 入场=91142.32 | 止损=90248.76 | 1R=893.56 | TP1=92214.60 | TP2=92929.45 | 数量=4324063039.078000
2026-03-09 14:27:26 | INFO     | exit_manager         | [ExitManager] 保本移损 | 当前价=92043.61 | 新止损=91233.47 | 盈利=1.01R
2026-03-09 14:27:26 | INFO     | exit_manager         | [ExitManager] TP1触发 | 价格=92405.46 | 减仓=1513422063.677300 | 剩余=2810640975.400700 | PnL=1911656650818.99
2026-03-09 14:27:26 | INFO     | exit_manager         | [ExitManager] TP2触发 | 价格=92954.39 | 减仓=1513422063.677300 | 剩余=1297218911.723400 | PnL=2742419424233.36
2026-03-09 14:27:26 | INFO     | exit_manager         | [ExitManager] 跟踪止盈触发 | 价格=92746.20 | 跟踪止损=92788.00 | 剩余=1297218911.723400 | PnL=2080577215539.76
2026-03-09 14:27:27 | INFO     | risk_manager         | [RiskManager] 仓位确认 | 数量=11903374333.384001 BTC | 名义=1100806322323595.62 USDT | 实际风险=7789449130023.15 USDT (1.000%) | 所需保证金=220161264464719.12 USDT
2026-03-09 14:27:27 | INFO     | exit_manager         | [ExitManager] 持仓初始化 | 入场=92497.01 | 止损=91824.12 | 1R=672.89 | TP1=93304.47 | TP2=93842.78 | 数量=11903374333.384001
2026-03-09 14:27:27 | INFO     | exit_manager         | [ExitManager] 保本移损 | 当前价=93283.28 | 新止损=92589.50 | 盈利=1.17R
2026-03-09 14:27:27 | INFO     | exit_manager         | [ExitManager] TP1触发 | 价格=93428.00 | 减仓=4166181016.684400 | 剩余=7737193316.699600 | PnL=3878690770969.04
2026-03-09 14:27:27 | INFO     | exit_manager         | [ExitManager] TP2触发 | 价格=93857.89 | 减仓=4166181016.684400 | 剩余=3571012300.015200 | PnL=5669690328231.50
2026-03-09 14:27:27 | INFO     | exit_manager         | [ExitManager] 止损触发 | 价格=93673.86 | 止损=93681.40 | 数量=3571012300.015200 | PnL=4202561173483.77
2026-03-09 14:27:28 | INFO     | risk_manager         | [RiskManager] 仓位确认 | 数量=19005779700.806999 BTC | 名义=1786406070146418.00 USDT | 实际风险=18926145483860.57 USDT (1.000%) | 所需保证金=357281214029283.62 USDT
2026-03-09 14:27:28 | INFO     | exit_manager         | [ExitManager] 持仓初始化 | 入场=94011.58 | 止损=92996.97 | 1R=1014.61 | TP1=95229.11 | TP2=96040.80 | 数量=19005779700.806999
2026-03-09 14:27:28 | INFO     | exit_manager         | [ExitManager] 止损触发 | 价格=92850.61 | 止损=92996.97 | 数量=19005779700.806999 | PnL=-22065112614899.87
2026-03-09 14:27:29 | INFO     | risk_manager         | [RiskManager] 仓位确认 | 数量=73074207552.352005 BTC | 名义=6767880997482787.00 USDT | 实际风险=36555372328064.09 USDT (1.000%) | 所需保证金=1353576199496557.50 USDT
2026-03-09 14:27:29 | INFO     | exit_manager         | [ExitManager] 持仓初始化 | 入场=92635.07 | 止损=92116.30 | 1R=518.77 | TP1=93257.60 | TP2=93878.25 | 数量=73074207552.352005
2026-03-09 14:27:29 | INFO     | exit_manager         | [ExitManager] 止损触发 | 价格=91589.24 | 止损=92116.30 | 数量=73074207552.352005 | PnL=-76423440360103.42
2026-03-09 14:27:30 | INFO     | risk_manager         | [RiskManager] 仓位确认 | 数量=172325835042.263000 BTC | 名义=15927210134006106.00 USDT | 实际风险=103416180125562.06 USDT (1.000%) | 所需保证金=3185442026801221.00 USDT
2026-03-09 14:27:30 | INFO     | exit_manager         | [ExitManager] 持仓初始化 | 入场=92443.45 | 止损=91824.85 | 1R=618.60 | TP1=93185.78 | TP2=93680.66 | 数量=172325835042.263000
2026-03-09 14:27:30 | INFO     | exit_manager         | [ExitManager] 保本移损 | 当前价=93520.42 | 新止损=92535.90 | 盈利=1.74R
2026-03-09 14:27:30 | INFO     | exit_manager         | [ExitManager] TP1触发 | 价格=93520.42 | 减仓=60314042264.792046 | 剩余=112011792777.470947 | PnL=64956112889585.93
2026-03-09 14:27:30 | INFO     | exit_manager         | [ExitManager] TP2触发 | 价格=93747.97 | 减仓=60314042264.792046 | 剩余=51697750512.678902 | PnL=78680573206939.53
2026-03-09 14:27:30 | INFO     | exit_manager         | [ExitManager] 止损触发 | 价格=93350.03 | 止损=93412.30 | 数量=51697750512.678902 | PnL=46867888481218.34
2026-03-09 14:27:30 | INFO     | risk_manager         | [RiskManager] 仓位确认 | 数量=468834656302.948975 BTC | 名义=43505404099661200.00 USDT | 实际风险=264464941273935.69 USDT (1.000%) | 所需保证金=8701080819932240.00 USDT
2026-03-09 14:27:30 | INFO     | exit_manager         | [ExitManager] 持仓初始化 | 入场=92813.33 | 止损=92230.68 | 1R=582.65 | TP1=93512.51 | TP2=93978.63 | 数量=468834656302.948975
2026-03-09 14:27:30 | INFO     | exit_manager         | [ExitManager] 止损触发 | 价格=91956.96 | 止损=92230.68 | 数量=468834656302.948975 | PnL=-401495444217101.44
2026-03-09 14:27:30 | INFO     | risk_manager         | [RiskManager] 仓位确认 | 数量=1745663071102.971924 BTC | 名义=160317838534709792.00 USDT | 实际风险=695157948174602.12 USDT (1.000%) | 所需保证金=32063567706941960.00 USDT
2026-03-09 14:27:30 | INFO     | exit_manager         | [ExitManager] 持仓初始化 | 入场=91856.16 | 止损=91439.57 | 1R=416.59 | TP1=92356.06 | TP2=92689.33 | 数量=1745663071102.971924
2026-03-09 14:27:30 | INFO     | exit_manager         | [ExitManager] 止损触发 | 价格=91278.98 | 止损=91439.57 | 数量=1745663071102.971924 | PnL=-1007557548469986.38
2026-03-09 14:27:31 | INFO     | risk_manager         | [RiskManager] 仓位确认 | 数量=3028314475401.404785 BTC | 名义=277381916652893632.00 USDT | 实际风险=2286983091823132.00 USDT (1.000%) | 所需保证金=55476383330578728.00 USDT
2026-03-09 14:27:31 | INFO     | exit_manager         | [ExitManager] 持仓初始化 | 入场=91614.46 | 止损=90840.94 | 1R=773.52 | TP1=92542.68 | TP2=93161.50 | 数量=3028314475401.404785
2026-03-09 14:27:31 | INFO     | exit_manager         | [ExitManager] 止损触发 | 价格=90787.34 | 止损=90840.94 | 数量=3028314475401.404785 | PnL=-2504777131035222.50
2026-03-09 14:30:17 | INFO     | root                 | 日志系统初始化完成 | 级别=INFO | 文件=logs/btc_trader.log | 最大10MB × 10个备份
2026-03-09 14:30:17 | INFO     | backtest             | 加载15m数据: 35040根K线 | 2025-03-09 18:30:00+00:00 ~ 2026-03-09 18:15:00+00:00
2026-03-09 14:30:17 | INFO     | backtest             | 加载1h数据: 8760根K线 | 2025-03-09 19:00:00+00:00 ~ 2026-03-09 18:00:00+00:00
2026-03-09 14:30:17 | INFO     | backtest             | 加载5m数据: 25920根K线 | 2025-12-09 18:30:00+00:00 ~ 2026-03-09 18:25:00+00:00
2026-03-09 14:30:17 | INFO     | backtest             | 
============================================================
  回测开始 | 共识评分=关闭
  数据范围: 2025-12-09 18:30:00+00:00 ~ 2026-03-09 18:15:00+00:00
  K线数量: 8640 根
  初始资金: 10000 USDT
============================================================
2026-03-09 14:30:17 | INFO     | risk_manager         | [RiskManager] 仓位确认 | 数量=0.077000 BTC | 名义=7128.77 USDT | 实际风险=98.81 USDT (0.988%) | 所需保证金=1425.75 USDT
2026-03-09 14:30:17 | INFO     | exit_manager         | [ExitManager] 持仓初始化 | 入场=92599.92 | 止损=91298.09 | 1R=1301.83 | TP1=94162.11 | TP2=95203.57 | 数量=0.077000
2026-03-09 14:30:17 | INFO     | exit_manager         | [ExitManager] 保本移损 | 当前价=94252.99 | 新止损=92692.52 | 盈利=1.27R
2026-03-09 14:30:17 | INFO     | exit_manager         | [ExitManager] TP1触发 | 价格=94252.99 | 减仓=0.026950 | 剩余=0.050050 | PnL=44.55
2026-03-09 14:30:17 | INFO     | exit_manager         | [ExitManager] 止损触发 | 价格=92453.89 | 止损=92692.52 | 数量=0.050050 | PnL=-7.31
2026-03-09 14:30:17 | INFO     | risk_manager         | [RiskManager] 仓位确认 | 数量=0.079000 BTC | 名义=7298.15 USDT | 实际风险=99.07 USDT (0.988%) | 所需保证金=1459.63 USDT
2026-03-09 14:30:17 | INFO     | exit_manager         | [ExitManager] 持仓初始化 | 入场=92400.18 | 止损=91127.65 | 1R=1272.53 | TP1=93927.21 | TP2=94945.23 | 数量=0.079000
2026-03-09 14:30:17 | INFO     | exit_manager         | [ExitManager] 止损触发 | 价格=90987.92 | 止损=91127.65 | 数量=0.079000 | PnL=-111.57
2026-03-09 14:30:18 | INFO     | risk_manager         | [RiskManager] 仓位确认 | 数量=0.365000 BTC | 名义=32881.89 USDT | 实际风险=99.05 USDT (0.999%) | 所需保证金=6576.38 USDT
2026-03-09 14:30:18 | INFO     | exit_manager         | [ExitManager] 持仓初始化 | 入场=90105.38 | 止损=89815.98 | 1R=289.40 | TP1=90452.65 | TP2=92040.00 | 数量=0.365000
2026-03-09 14:30:18 | INFO     | exit_manager         | [ExitManager] 止损触发 | 价格=89633.05 | 止损=89815.98 | 数量=0.365000 | PnL=-172.40
2026-03-09 14:30:18 | INFO     | risk_manager         | [RiskManager] 仓位确认 | 数量=0.176000 BTC | 名义=15793.80 USDT | 实际风险=96.82 USDT (0.998%) | 所需保证金=3158.76 USDT
2026-03-09 14:30:18 | INFO     | exit_manager         | [ExitManager] 持仓初始化 | 入场=89755.43 | 止损=89187.36 | 1R=568.07 | TP1=90437.11 | TP2=91528.30 | 数量=0.176000
2026-03-09 14:30:18 | INFO     | exit_manager         | [ExitManager] 保本移损 | 当前价=90436.55 | 新止损=89845.18 | 盈利=1.20R
2026-03-09 14:30:18 | INFO     | exit_manager         | [ExitManager] 止损触发 | 价格=89545.24 | 止损=89845.18 | 数量=0.176000 | PnL=-36.99
2026-03-09 14:30:18 | INFO     | risk_manager         | [RiskManager] 仓位确认 | 数量=0.262000 BTC | 名义=23609.35 USDT | 实际风险=96.26 USDT (0.997%) | 所需保证金=4721.87 USDT
2026-03-09 14:30:18 | INFO     | exit_manager         | [ExitManager] 持仓初始化 | 入场=90130.04 | 止损=89744.63 | 1R=385.41 | TP1=90592.54 | TP2=90900.87 | 数量=0.262000
2026-03-09 14:30:18 | INFO     | exit_manager         | [ExitManager] 止损触发 | 价格=89395.91 | 止损=89744.63 | 数量=0.262000 | PnL=-192.34
2026-03-09 14:30:19 | INFO     | risk_manager         | [RiskManager] 仓位确认 | 数量=0.179000 BTC | 名义=16031.81 USDT | 实际风险=93.92 USDT (0.995%) | 所需保证金=3206.36 USDT
2026-03-09 14:30:19 | INFO     | exit_manager         | [ExitManager] 持仓初始化 | 入场=89581.10 | 止损=89038.52 | 1R=542.58 | TP1=90232.20 | TP2=90666.27 | 数量=0.179000
2026-03-09 14:30:19 | INFO     | exit_manager         | [ExitManager] 保本移损 | 当前价=90325.54 | 新止损=89670.68 | 盈利=1.37R
2026-03-09 14:30:19 | INFO     | exit_manager         | [ExitManager] TP1触发 | 价格=90325.54 | 减仓=0.062650 | 剩余=0.116350 | PnL=46.64
2026-03-09 14:30:19 | INFO     | exit_manager         | [ExitManager] TP2触发 | 价格=91169.65 | 减仓=0.062650 | 剩余=0.053700 | PnL=99.52
2026-03-09 14:30:19 | INFO     | exit_manager         | [ExitManager] 止损触发 | 价格=92333.12 | 止损=92461.40 | 数量=0.053700 | PnL=147.78
2026-03-09 14:30:20 | INFO     | risk_manager         | [RiskManager] 仓位确认 | 数量=0.172000 BTC | 名义=15791.43 USDT | 实际风险=96.94 USDT (0.998%) | 所需保证金=3158.29 USDT
2026-03-09 14:30:20 | INFO     | exit_manager         | [ExitManager] 持仓初始化 | 入场=91828.99 | 止损=91247.05 | 1R=581.94 | TP1=92527.32 | TP2=92992.88 | 数量=0.172000
2026-03-09 14:30:20 | INFO     | exit_manager         | [ExitManager] 保本移损 | 当前价=92437.78 | 新止损=91920.82 | 盈利=1.05R
2026-03-09 14:30:20 | INFO     | exit_manager         | [ExitManager] TP1触发 | 价格=92588.79 | 减仓=0.060200 | 剩余=0.111800 | PnL=45.74
2026-03-09 14:30:20 | INFO     | exit_manager         | [ExitManager] 止损触发 | 价格=90842.70 | 止损=91920.82 | 数量=0.111800 | PnL=-110.27
2026-03-09 14:30:20 | INFO     | risk_manager         | [RiskManager] 仓位确认 | 数量=0.259000 BTC | 名义=23293.20 USDT | 实际风险=96.05 USDT (0.997%) | 所需保证金=4658.64 USDT
2026-03-09 14:30:20 | INFO     | exit_manager         | [ExitManager] 持仓初始化 | 入场=89953.13 | 止损=89564.30 | 1R=388.83 | TP1=90419.72 | TP2=90989.49 | 数量=0.259000
2026-03-09 14:30:20 | INFO     | exit_manager         | [ExitManager] 保本移损 | 当前价=90409.17 | 新止损=90043.08 | 盈利=1.17R
2026-03-09 14:30:20 | INFO     | exit_manager         | [ExitManager] 止损触发 | 价格=89652.01 | 止损=90043.08 | 数量=0.259000 | PnL=-77.99
2026-03-09 14:30:20 | INFO     | risk_manager         | [RiskManager] 仓位确认 | 数量=0.187000 BTC | 名义=16838.70 USDT | 实际风险=95.33 USDT (1.000%) | 所需保证金=3367.74 USDT
2026-03-09 14:30:20 | INFO     | exit_manager         | [ExitManager] 持仓初始化 | 入场=90064.55 | 止损=89536.77 | 1R=527.78 | TP1=90697.88 | TP2=91280.67 | 数量=0.187000
2026-03-09 14:30:20 | INFO     | exit_manager         | [ExitManager] 保本移损 | 当前价=90603.06 | 新止损=90154.61 | 盈利=1.02R
2026-03-09 14:30:20 | INFO     | exit_manager         | [ExitManager] 止损触发 | 价格=89961.12 | 止损=90154.61 | 数量=0.187000 | PnL=-19.34
2026-03-09 14:30:21 | INFO     | risk_manager         | [RiskManager] 仓位确认 | 数量=0.127000 BTC | 名义=11448.01 USDT | 实际风险=94.41 USDT (0.994%) | 所需保证金=2289.60 USDT
2026-03-09 14:30:21 | INFO     | exit_manager         | [ExitManager] 持仓初始化 | 入场=90159.87 | 止损=89398.47 | 1R=761.40 | TP1=91073.55 | TP2=91682.67 | 数量=0.127000
2026-03-09 14:30:21 | INFO     | exit_manager         | [ExitManager] 止损触发 | 价格=88877.66 | 止损=89398.47 | 数量=0.127000 | PnL=-162.84
2026-03-09 14:30:21 | INFO     | risk_manager         | [RiskManager] 仓位确认 | 数量=0.155000 BTC | 名义=13813.30 USDT | 实际风险=93.14 USDT (0.999%) | 所需保证金=2762.66 USDT
2026-03-09 14:30:21 | INFO     | exit_manager         | [ExitManager] 持仓初始化 | 入场=89135.86 | 止损=88517.12 | 1R=618.74 | TP1=89878.36 | TP2=90373.35 | 数量=0.155000
2026-03-09 14:30:21 | INFO     | exit_manager         | [ExitManager] 止损触发 | 价格=88443.85 | 止损=88517.12 | 数量=0.155000 | PnL=-107.26
2026-03-09 14:30:22 | INFO     | risk_manager         | [RiskManager] 仓位确认 | 数量=0.348000 BTC | 名义=30633.20 USDT | 实际风险=91.90 USDT (0.999%) | 所需保证金=6126.64 USDT
2026-03-09 14:30:22 | INFO     | exit_manager         | [ExitManager] 持仓初始化 | 入场=88044.05 | 止损=87762.36 | 1R=281.69 | TP1=88382.07 | TP2=88607.42 | 数量=0.348000
2026-03-09 14:30:22 | INFO     | exit_manager         | [ExitManager] 保本移损 | 当前价=88541.96 | 新止损=88132.09 | 盈利=1.77R
2026-03-09 14:30:22 | INFO     | exit_manager         | [ExitManager] TP1触发 | 价格=88541.96 | 减仓=0.121800 | 剩余=0.226200 | PnL=60.65
2026-03-09 14:30:22 | INFO     | exit_manager         | [ExitManager] TP2触发 | 价格=88706.32 | 减仓=0.121800 | 剩余=0.104400 | PnL=80.67
2026-03-09 14:30:22 | INFO     | exit_manager         | [ExitManager] 跟踪止盈触发 | 价格=89533.46 | 跟踪止损=89546.07 | 剩余=0.104400 | PnL=155.49
2026-03-09 14:30:26 | INFO     | risk_manager         | [RiskManager] 仓位确认 | 数量=0.171000 BTC | 名义=14861.75 USDT | 实际风险=94.44 USDT (0.998%) | 所需保证金=2972.35 USDT
2026-03-09 14:30:26 | INFO     | exit_manager         | [ExitManager] 持仓初始化 | 入场=86928.19 | 止损=86358.51 | 1R=569.68 | TP1=87611.81 | TP2=88225.28 | 数量=0.171000
2026-03-09 14:30:26 | INFO     | exit_manager         | [ExitManager] 止损触发 | 价格=86330.04 | 止损=86358.51 | 数量=0.171000 | PnL=-102.28
2026-03-09 14:30:27 | INFO     | risk_manager         | [RiskManager] 仓位确认 | 数量=0.128000 BTC | 名义=11031.73 USDT | 实际风险=93.05 USDT (0.995%) | 所需保证金=2206.35 USDT
2026-03-09 14:30:27 | INFO     | exit_manager         | [ExitManager] 持仓初始化 | 入场=86202.63 | 止损=85458.45 | 1R=744.18 | TP1=87095.64 | TP2=87690.98 | 数量=0.128000
2026-03-09 14:30:27 | INFO     | exit_manager         | [ExitManager] 保本移损 | 当前价=87143.63 | 新止损=86288.83 | 盈利=1.26R
2026-03-09 14:30:27 | INFO     | exit_manager         | [ExitManager] TP1触发 | 价格=87143.63 | 减仓=0.044800 | 剩余=0.083200 | PnL=42.16
2026-03-09 14:30:27 | INFO     | exit_manager         | [ExitManager] TP2触发 | 价格=87977.43 | 减仓=0.044800 | 剩余=0.038400 | PnL=79.51
2026-03-09 14:30:27 | INFO     | exit_manager         | [ExitManager] 止损触发 | 价格=87224.61 | 止损=87333.08 | 数量=0.038400 | PnL=39.24
2026-03-09 14:30:28 | INFO     | risk_manager         | [RiskManager] 仓位确认 | 数量=0.100000 BTC | 名义=8756.74 USDT | 实际风险=94.67 USDT (0.996%) | 所需保证金=1751.35 USDT
2026-03-09 14:30:28 | INFO     | exit_manager         | [ExitManager] 持仓初始化 | 入场=87584.92 | 止损=86620.76 | 1R=964.16 | TP1=88741.92 | TP2=89513.25 | 数量=0.100000
2026-03-09 14:30:28 | INFO     | exit_manager         | [ExitManager] 止损触发 | 价格=86423.92 | 止损=86620.76 | 数量=0.100000 | PnL=-116.10
2026-03-09 14:30:28 | INFO     | risk_manager         | [RiskManager] 仓位确认 | 数量=0.104000 BTC | 名义=9009.14 USDT | 实际风险=93.14 USDT (0.993%) | 所需保证金=1801.83 USDT
2026-03-09 14:30:28 | INFO     | exit_manager         | [ExitManager] 持仓初始化 | 入场=86643.72 | 止损=85730.78 | 1R=912.94 | TP1=87739.24 | TP2=88469.59 | 数量=0.104000
2026-03-09 14:30:28 | INFO     | exit_manager         | [ExitManager] 保本移损 | 当前价=87631.37 | 新止损=86730.36 | 盈利=1.08R
2026-03-09 14:30:28 | INFO     | exit_manager         | [ExitManager] TP1触发 | 价格=89675.85 | 减仓=0.036400 | 剩余=0.067600 | PnL=110.37
2026-03-09 14:30:28 | INFO     | exit_manager         | [ExitManager] TP2触发 | 价格=89675.85 | 减仓=0.036400 | 剩余=0.031200 | PnL=110.37
2026-03-09 14:30:28 | INFO     | exit_manager         | [ExitManager] 止损触发 | 价格=86976.01 | 止损=87161.39 | 数量=0.031200 | PnL=10.37
2026-03-09 14:30:28 | INFO     | risk_manager         | [RiskManager] 仓位确认 | 数量=0.147000 BTC | 名义=12785.47 USDT | 实际风险=95.41 USDT (0.994%) | 所需保证金=2557.09 USDT
2026-03-09 14:30:28 | INFO     | exit_manager         | [ExitManager] 持仓初始化 | 入场=86993.41 | 止损=86326.98 | 1R=666.43 | TP1=87793.12 | TP2=88326.26 | 数量=0.147000
2026-03-09 14:30:28 | INFO     | exit_manager         | [ExitManager] 止损触发 | 价格=85938.46 | 止损=86326.98 | 数量=0.147000 | PnL=-155.08
2026-03-09 14:30:28 | INFO     | risk_manager         | [RiskManager] 仓位确认 | 数量=0.143000 BTC | 名义=12256.38 USDT | 实际风险=93.70 USDT (0.994%) | 所需保证金=2451.28 USDT
2026-03-09 14:30:28 | INFO     | exit_manager         | [ExitManager] 持仓初始化 | 入场=85726.11 | 止损=85053.74 | 1R=672.37 | TP1=86532.96 | TP2=87070.86 | 数量=0.143000
2026-03-09 14:30:28 | INFO     | exit_manager         | [ExitManager] 保本移损 | 当前价=86492.98 | 新止损=85811.84 | 盈利=1.14R
2026-03-09 14:30:28 | INFO     | exit_manager         | [ExitManager] TP1触发 | 价格=86698.02 | 减仓=0.050050 | 剩余=0.092950 | PnL=48.64
2026-03-09 14:30:28 | INFO     | exit_manager         | [ExitManager] TP2触发 | 价格=87372.43 | 减仓=0.050050 | 剩余=0.042900 | PnL=82.40
2026-03-09 14:30:28 | INFO     | exit_manager         | [ExitManager] 止损触发 | 价格=87124.59 | 止损=87228.55 | 数量=0.042900 | PnL=59.99
2026-03-09 14:30:31 | INFO     | risk_manager         | [RiskManager] 仓位确认 | 数量=0.252000 BTC | 名义=22657.92 USDT | 实际风险=95.76 USDT (0.997%) | 所需保证金=4531.58 USDT
2026-03-09 14:30:31 | INFO     | exit_manager         | [ExitManager] 持仓初始化 | 入场=89930.35 | 止损=89532.38 | 1R=397.97 | TP1=90407.92 | TP2=90726.30 | 数量=0.252000
2026-03-09 14:30:31 | INFO     | exit_manager         | [ExitManager] 止损触发 | 价格=89407.61 | 止损=89532.38 | 数量=0.252000 | PnL=-131.73
2026-03-09 14:30:31 | INFO     | risk_manager         | [RiskManager] 仓位确认 | 数量=0.102000 BTC | 名义=9152.15 USDT | 实际风险=93.98 USDT (0.994%) | 所需保证金=1830.43 USDT
2026-03-09 14:30:31 | INFO     | exit_manager         | [ExitManager] 持仓初始化 | 入场=89744.87 | 止损=88805.53 | 1R=939.34 | TP1=90872.07 | TP2=91623.54 | 数量=0.102000
2026-03-09 14:30:31 | INFO     | exit_manager         | [ExitManager] 止损触发 | 价格=88715.89 | 止损=88805.53 | 数量=0.102000 | PnL=-104.96
2026-03-09 14:30:31 | INFO     | risk_manager         | [RiskManager] 仓位确认 | 数量=0.182000 BTC | 名义=16136.13 USDT | 实际风险=93.06 USDT (0.996%) | 所需保证金=3227.23 USDT
2026-03-09 14:30:31 | INFO     | exit_manager         | [ExitManager] 持仓初始化 | 入场=88677.80 | 止损=88148.76 | 1R=529.04 | TP1=89312.65 | TP2=89735.89 | 数量=0.182000
2026-03-09 14:30:31 | INFO     | exit_manager         | [ExitManager] 止损触发 | 价格=88127.99 | 止损=88148.76 | 数量=0.182000 | PnL=-100.07
2026-03-09 14:30:33 | INFO     | risk_manager         | [RiskManager] 仓位确认 | 数量=0.343000 BTC | 名义=30720.72 USDT | 实际风险=92.16 USDT (0.999%) | 所需保证金=6144.14 USDT
2026-03-09 14:30:33 | INFO     | exit_manager         | [ExitManager] 持仓初始化 | 入场=89582.70 | 止损=89296.10 | 1R=286.60 | TP1=89926.63 | TP2=90155.91 | 数量=0.343000
2026-03-09 14:30:33 | INFO     | exit_manager         | [ExitManager] 止损触发 | 价格=88232.85 | 止损=89296.10 | 数量=0.343000 | PnL=-463.00
2026-03-09 14:30:33 | INFO     | risk_manager         | [RiskManager] 仓位确认 | 数量=0.109000 BTC | 名义=9602.05 USDT | 实际风险=87.28 USDT (1.000%) | 所需保证金=1920.41 USDT
2026-03-09 14:30:33 | INFO     | exit_manager         | [ExitManager] 持仓初始化 | 入场=88109.86 | 止损=87291.50 | 1R=818.36 | TP1=89091.89 | TP2=89746.58 | 数量=0.109000
2026-03-09 14:30:33 | INFO     | exit_manager         | [ExitManager] 止损触发 | 价格=87236.09 | 止损=87291.50 | 数量=0.109000 | PnL=-95.24
2026-03-09 14:30:34 | INFO     | risk_manager         | [RiskManager] 仓位确认 | 数量=0.114000 BTC | 名义=10071.32 USDT | 实际风险=85.95 USDT (0.996%) | 所需保证金=2014.26 USDT
2026-03-09 14:30:34 | INFO     | exit_manager         | [ExitManager] 持仓初始化 | 入场=88362.55 | 止损=87590.93 | 1R=771.62 | TP1=89288.49 | TP2=89905.79 | 数量=0.114000
2026-03-09 14:30:34 | INFO     | exit_manager         | [ExitManager] 保本移损 | 当前价=89135.14 | 新止损=88450.91 | 盈利=1.00R
2026-03-09 14:30:34 | INFO     | exit_manager         | [ExitManager] 止损触发 | 价格=88199.40 | 止损=88450.91 | 数量=0.114000 | PnL=-18.60
2026-03-09 14:30:36 | INFO     | risk_manager         | [RiskManager] 仓位确认 | 数量=0.094000 BTC | 名义=8413.28 USDT | 实际风险=85.91 USDT (0.999%) | 所需保证金=1682.66 USDT
2026-03-09 14:30:36 | INFO     | exit_manager         | [ExitManager] 持仓初始化 | 入场=89520.85 | 止损=88589.02 | 1R=931.83 | TP1=90639.05 | TP2=91384.51 | 数量=0.094000
2026-03-09 14:30:36 | INFO     | exit_manager         | [ExitManager] 保本移损 | 当前价=90627.00 | 新止损=89610.37 | 盈利=1.19R
2026-03-09 14:30:36 | INFO     | exit_manager         | [ExitManager] 止损触发 | 价格=89416.00 | 止损=89610.37 | 数量=0.094000 | PnL=-9.86
2026-03-09 14:30:36 | INFO     | risk_manager         | [RiskManager] 仓位确认 | 数量=0.150000 BTC | 名义=13433.77 USDT | 实际风险=85.24 USDT (0.994%) | 所需保证金=2686.76 USDT
2026-03-09 14:30:36 | INFO     | exit_manager         | [ExitManager] 持仓初始化 | 入场=89576.41 | 止损=88990.21 | 1R=586.20 | TP1=90279.85 | TP2=90748.82 | 数量=0.150000
2026-03-09 14:30:36 | INFO     | exit_manager         | [ExitManager] 保本移损 | 当前价=90192.10 | 新止损=89665.99 | 盈利=1.05R
2026-03-09 14:30:36 | INFO     | exit_manager         | [ExitManager] TP1触发 | 价格=90372.39 | 减仓=0.052500 | 剩余=0.097500 | PnL=41.79
2026-03-09 14:30:36 | INFO     | exit_manager         | [ExitManager] TP2触发 | 价格=91399.99 | 减仓=0.052500 | 剩余=0.045000 | PnL=95.74
2026-03-09 14:30:36 | INFO     | exit_manager         | [ExitManager] 跟踪止盈触发 | 价格=91081.52 | 跟踪止损=91094.00 | 剩余=0.045000 | PnL=67.73
2026-03-09 14:30:41 | INFO     | risk_manager         | [RiskManager] 仓位确认 | 数量=0.100000 BTC | 名义=9112.41 USDT | 实际风险=87.53 USDT (0.998%) | 所需保证金=1822.48 USDT
2026-03-09 14:30:41 | INFO     | exit_manager         | [ExitManager] 持仓初始化 | 入场=91142.32 | 止损=90248.76 | 1R=893.56 | TP1=92214.60 | TP2=92929.45 | 数量=0.100000
2026-03-09 14:30:41 | INFO     | exit_manager         | [ExitManager] 保本移损 | 当前价=92043.61 | 新止损=91233.47 | 盈利=1.01R
2026-03-09 14:30:41 | INFO     | exit_manager         | [ExitManager] TP1触发 | 价格=92405.46 | 减仓=0.035000 | 剩余=0.065000 | PnL=44.21
2026-03-09 14:30:41 | INFO     | exit_manager         | [ExitManager] TP2触发 | 价格=92954.39 | 减仓=0.035000 | 剩余=0.030000 | PnL=63.42
2026-03-09 14:30:41 | INFO     | exit_manager         | [ExitManager] 跟踪止盈触发 | 价格=92746.20 | 跟踪止损=92788.00 | 剩余=0.030000 | PnL=48.12
2026-03-09 14:30:41 | INFO     | risk_manager         | [RiskManager] 仓位确认 | 数量=0.136000 BTC | 名义=12577.08 USDT | 实际风险=89.00 USDT (0.998%) | 所需保证金=2515.42 USDT
2026-03-09 14:30:41 | INFO     | exit_manager         | [ExitManager] 持仓初始化 | 入场=92497.01 | 止损=91824.12 | 1R=672.89 | TP1=93304.47 | TP2=93842.78 | 数量=0.136000
2026-03-09 14:30:41 | INFO     | exit_manager         | [ExitManager] 保本移损 | 当前价=93283.28 | 新止损=92589.50 | 盈利=1.17R
2026-03-09 14:30:41 | INFO     | exit_manager         | [ExitManager] TP1触发 | 价格=93428.00 | 减仓=0.047600 | 剩余=0.088400 | PnL=44.32
2026-03-09 14:30:41 | INFO     | exit_manager         | [ExitManager] TP2触发 | 价格=93857.89 | 减仓=0.047600 | 剩余=0.040800 | PnL=64.78
2026-03-09 14:30:42 | INFO     | exit_manager         | [ExitManager] 止损触发 | 价格=93673.86 | 止损=93681.40 | 数量=0.040800 | PnL=48.02
2026-03-09 14:30:43 | INFO     | risk_manager         | [RiskManager] 仓位确认 | 数量=0.091000 BTC | 名义=8553.34 USDT | 实际风险=90.62 USDT (1.000%) | 所需保证金=1710.67 USDT
2026-03-09 14:30:43 | INFO     | exit_manager         | [ExitManager] 持仓初始化 | 入场=94011.58 | 止损=92996.97 | 1R=1014.61 | TP1=95229.11 | TP2=96040.80 | 数量=0.091000
2026-03-09 14:30:43 | INFO     | exit_manager         | [ExitManager] 止损触发 | 价格=92850.61 | 止损=92996.97 | 数量=0.091000 | PnL=-105.65
2026-03-09 14:30:43 | INFO     | risk_manager         | [RiskManager] 仓位确认 | 数量=0.178000 BTC | 名义=16485.75 USDT | 实际风险=89.04 USDT (0.995%) | 所需保证金=3297.15 USDT
2026-03-09 14:30:43 | INFO     | exit_manager         | [ExitManager] 持仓初始化 | 入场=92635.07 | 止损=92116.30 | 1R=518.77 | TP1=93257.60 | TP2=93878.25 | 数量=0.178000
2026-03-09 14:30:43 | INFO     | exit_manager         | [ExitManager] 止损触发 | 价格=91589.24 | 止损=92116.30 | 数量=0.178000 | PnL=-186.16
2026-03-09 14:30:44 | INFO     | risk_manager         | [RiskManager] 仓位确认 | 数量=0.145000 BTC | 名义=13401.62 USDT | 实际风险=87.02 USDT (0.995%) | 所需保证金=2680.32 USDT
2026-03-09 14:30:44 | INFO     | exit_manager         | [ExitManager] 持仓初始化 | 入场=92443.45 | 止损=91824.85 | 1R=618.60 | TP1=93185.78 | TP2=93680.66 | 数量=0.145000
2026-03-09 14:30:44 | INFO     | exit_manager         | [ExitManager] 保本移损 | 当前价=93520.42 | 新止损=92535.90 | 盈利=1.74R
2026-03-09 14:30:44 | INFO     | exit_manager         | [ExitManager] TP1触发 | 价格=93520.42 | 减仓=0.050750 | 剩余=0.094250 | PnL=54.66
2026-03-09 14:30:44 | INFO     | exit_manager         | [ExitManager] TP2触发 | 价格=93747.97 | 减仓=0.050750 | 剩余=0.043500 | PnL=66.20
2026-03-09 14:30:44 | INFO     | exit_manager         | [ExitManager] 止损触发 | 价格=93350.03 | 止损=93412.30 | 数量=0.043500 | PnL=39.44
2026-03-09 14:30:45 | INFO     | risk_manager         | [RiskManager] 仓位确认 | 数量=0.157000 BTC | 名义=14568.78 USDT | 实际风险=88.56 USDT (0.996%) | 所需保证金=2913.76 USDT
2026-03-09 14:30:45 | INFO     | exit_manager         | [ExitManager] 持仓初始化 | 入场=92813.33 | 止损=92230.68 | 1R=582.65 | TP1=93512.51 | TP2=93978.63 | 数量=0.157000
2026-03-09 14:30:45 | INFO     | exit_manager         | [ExitManager] 止损触发 | 价格=91956.96 | 止损=92230.68 | 数量=0.157000 | PnL=-134.45
2026-03-09 14:30:45 | INFO     | risk_manager         | [RiskManager] 仓位确认 | 数量=0.219000 BTC | 名义=20112.48 USDT | 实际风险=87.21 USDT (0.998%) | 所需保证金=4022.50 USDT
2026-03-09 14:30:45 | INFO     | exit_manager         | [ExitManager] 持仓初始化 | 入场=91856.16 | 止损=91439.57 | 1R=416.59 | TP1=92356.06 | TP2=92689.33 | 数量=0.219000
2026-03-09 14:30:45 | INFO     | exit_manager         | [ExitManager] 止损触发 | 价格=91278.98 | 止损=91439.57 | 数量=0.219000 | PnL=-126.40
2026-03-09 14:30:45 | INFO     | risk_manager         | [RiskManager] 仓位确认 | 数量=0.113000 BTC | 名义=10350.36 USDT | 实际风险=85.34 USDT (0.993%) | 所需保证金=2070.07 USDT
2026-03-09 14:30:45 | INFO     | exit_manager         | [ExitManager] 持仓初始化 | 入场=91614.46 | 止损=90840.94 | 1R=773.52 | TP1=92542.68 | TP2=93161.50 | 数量=0.113000
2026-03-09 14:30:45 | INFO     | exit_manager         | [ExitManager] 止损触发 | 价格=90787.34 | 止损=90840.94 | 数量=0.113000 | PnL=-93.46
2026-03-09 14:30:46 | INFO     | risk_manager         | [RiskManager] 仓位确认 | 数量=0.310000 BTC | 名义=28239.69 USDT | 实际风险=84.72 USDT (0.998%) | 所需保证金=5647.94 USDT
2026-03-09 14:30:46 | INFO     | exit_manager         | [ExitManager] 持仓初始化 | 入场=91113.99 | 止损=90822.48 | 1R=291.51 | TP1=91463.80 | TP2=91697.01 | 数量=0.310000
2026-03-09 14:30:46 | INFO     | exit_manager         | [ExitManager] 保本移损 | 当前价=91429.10 | 新止损=91205.10 | 盈利=1.08R
2026-03-09 14:30:46 | INFO     | exit_manager         | [ExitManager] TP1触发 | 价格=91518.00 | 减仓=0.108500 | 剩余=0.201500 | PnL=43.84
2026-03-09 14:30:46 | INFO     | exit_manager         | [ExitManager] 止损触发 | 价格=90893.62 | 止损=91205.10 | 数量=0.201500 | PnL=-44.40
2026-03-09 14:30:46 | INFO     | risk_manager         | [RiskManager] 仓位确认 | 数量=0.165000 BTC | 名义=15026.93 USDT | 实际风险=84.52 USDT (0.999%) | 所需保证金=3005.39 USDT
2026-03-09 14:30:46 | INFO     | exit_manager         | [ExitManager] 持仓初始化 | 入场=91090.54 | 止损=90560.09 | 1R=530.45 | TP1=91727.09 | TP2=92151.45 | 数量=0.165000
2026-03-09 14:30:46 | INFO     | exit_manager         | [ExitManager] 止损触发 | 价格=90516.54 | 止损=90560.09 | 数量=0.165000 | PnL=-94.71
2026-03-09 14:30:46 | INFO     | risk_manager         | [RiskManager] 仓位确认 | 数量=0.117000 BTC | 名义=10660.36 USDT | 实际风险=83.27 USDT (0.997%) | 所需保证金=2132.07 USDT
2026-03-09 14:30:46 | INFO     | exit_manager         | [ExitManager] 持仓初始化 | 入场=91132.45 | 止损=90402.54 | 1R=729.91 | TP1=92008.35 | TP2=92592.28 | 数量=0.117000
2026-03-09 14:30:46 | INFO     | exit_manager         | [ExitManager] 止损触发 | 价格=90314.65 | 止损=90402.54 | 数量=0.117000 | PnL=-95.68
2026-03-09 14:30:50 | INFO     | risk_manager         | [RiskManager] 仓位确认 | 数量=0.090000 BTC | 名义=8181.81 USDT | 实际风险=81.70 USDT (0.991%) | 所需保证金=1636.36 USDT
2026-03-09 14:30:50 | INFO     | exit_manager         | [ExitManager] 持仓初始化 | 入场=90927.13 | 止损=90001.19 | 1R=925.94 | TP1=92038.26 | TP2=92779.02 | 数量=0.090000
2026-03-09 14:30:50 | INFO     | exit_manager         | [ExitManager] 保本移损 | 当前价=92217.62 | 新止损=91018.06 | 盈利=1.39R
2026-03-09 14:30:50 | INFO     | exit_manager         | [ExitManager] TP1触发 | 价格=92217.62 | 减仓=0.031500 | 剩余=0.058500 | PnL=40.65
2026-03-09 14:30:50 | INFO     | exit_manager         | [ExitManager] TP2触发 | 价格=92931.98 | 减仓=0.031500 | 剩余=0.027000 | PnL=63.15
2026-03-09 14:30:50 | INFO     | exit_manager         | [ExitManager] 跟踪止盈触发 | 价格=94154.42 | 跟踪止损=94201.20 | 剩余=0.027000 | PnL=87.14
2026-03-09 14:30:53 | INFO     | risk_manager         | [RiskManager] 仓位确认 | 数量=0.149000 BTC | 名义=14219.58 USDT | 实际风险=83.95 USDT (0.996%) | 所需保证金=2843.92 USDT
2026-03-09 14:30:53 | INFO     | exit_manager         | [ExitManager] 持仓初始化 | 入场=95452.53 | 止损=94870.04 | 1R=582.49 | TP1=96151.51 | TP2=96617.50 | 数量=0.149000
2026-03-09 14:30:53 | INFO     | exit_manager         | [ExitManager] 止损触发 | 价格=94863.17 | 止损=94870.04 | 数量=0.149000 | PnL=-87.81
2026-03-09 14:30:53 | INFO     | risk_manager         | [RiskManager] 仓位确认 | 数量=0.144000 BTC | 名义=13684.16 USDT | 实际风险=83.11 USDT (0.998%) | 所需保证金=2736.83 USDT
2026-03-09 14:30:53 | INFO     | exit_manager         | [ExitManager] 持仓初始化 | 入场=95047.88 | 止损=94451.69 | 1R=596.19 | TP1=95763.30 | TP2=96240.25 | 数量=0.144000
2026-03-09 14:30:53 | INFO     | exit_manager         | [ExitManager] 保本移损 | 当前价=95862.12 | 新止损=95142.92 | 盈利=1.37R
2026-03-09 14:30:53 | INFO     | exit_manager         | [ExitManager] TP1触发 | 价格=95862.12 | 减仓=0.050400 | 剩余=0.093600 | PnL=41.04
2026-03-09 14:30:53 | INFO     | exit_manager         | [ExitManager] TP2触发 | 价格=96493.15 | 减仓=0.050400 | 剩余=0.043200 | PnL=72.84
2026-03-09 14:30:53 | INFO     | exit_manager         | [ExitManager] 止损触发 | 价格=96956.07 | 止损=97072.95 | 数量=0.043200 | PnL=82.43
2026-03-09 14:30:54 | INFO     | risk_manager         | [RiskManager] 仓位确认 | 数量=0.101000 BTC | 名义=9777.46 USDT | 实际风险=84.32 USDT (0.991%) | 所需保证金=1955.49 USDT
2026-03-09 14:30:54 | INFO     | exit_manager         | [ExitManager] 持仓初始化 | 入场=96825.91 | 止损=95971.72 | 1R=854.19 | TP1=97850.94 | TP2=98534.29 | 数量=0.101000
2026-03-09 14:30:54 | INFO     | exit_manager         | [ExitManager] 止损触发 | 价格=95919.86 | 止损=95971.72 | 数量=0.101000 | PnL=-91.51
2026-03-09 14:30:54 | INFO     | risk_manager         | [RiskManager] 仓位确认 | 数量=0.292000 BTC | 名义=28004.95 USDT | 实际风险=84.01 USDT (0.999%) | 所需保证金=5600.99 USDT
2026-03-09 14:30:54 | INFO     | exit_manager         | [ExitManager] 持仓初始化 | 入场=95926.54 | 止损=95619.64 | 1R=306.90 | TP1=96294.82 | TP2=96540.34 | 数量=0.292000
2026-03-09 14:30:54 | INFO     | exit_manager         | [ExitManager] 保本移损 | 当前价=96244.04 | 新止损=96022.47 | 盈利=1.03R
2026-03-09 14:30:54 | INFO     | exit_manager         | [ExitManager] TP1触发 | 价格=96316.27 | 减仓=0.102200 | 剩余=0.189800 | PnL=39.83
2026-03-09 14:30:54 | INFO     | exit_manager         | [ExitManager] TP2触发 | 价格=96595.26 | 减仓=0.102200 | 剩余=0.087600 | PnL=68.34
2026-03-09 14:30:54 | INFO     | exit_manager         | [ExitManager] 跟踪止盈触发 | 价格=96370.14 | 跟踪止损=96419.47 | 剩余=0.087600 | PnL=38.86
2026-03-09 14:30:54 | INFO     | risk_manager         | [RiskManager] 仓位确认 | 数量=0.131000 BTC | 名义=12660.23 USDT | 实际风险=84.76 USDT (0.994%) | 所需保证金=2532.05 USDT
2026-03-09 14:30:54 | INFO     | exit_manager         | [ExitManager] 持仓初始化 | 入场=96662.33 | 止损=95996.00 | 1R=666.33 | TP1=97461.92 | TP2=97994.99 | 数量=0.131000
2026-03-09 14:30:54 | INFO     | exit_manager         | [ExitManager] 止损触发 | 价格=95825.51 | 止损=95996.00 | 数量=0.131000 | PnL=-109.62
2026-03-09 14:30:54 | INFO     | risk_manager         | [RiskManager] 仓位确认 | 数量=0.131000 BTC | 名义=12584.31 USDT | 实际风险=83.49 USDT (0.993%) | 所需保证金=2516.86 USDT
2026-03-09 14:30:54 | INFO     | exit_manager         | [ExitManager] 持仓初始化 | 入场=96082.64 | 止损=95426.12 | 1R=656.52 | TP1=96870.47 | TP2=97395.69 | 数量=0.131000
2026-03-09 14:30:54 | INFO     | exit_manager         | [ExitManager] 保本移损 | 当前价=96793.52 | 新止损=96178.73 | 盈利=1.08R
2026-03-09 14:30:54 | INFO     | exit_manager         | [ExitManager] TP1触发 | 价格=96953.40 | 减仓=0.045850 | 剩余=0.085150 | PnL=39.92
2026-03-09 14:30:54 | INFO     | exit_manager         | [ExitManager] 止损触发 | 价格=96174.11 | 止损=96178.73 | 数量=0.085150 | PnL=7.79
2026-03-09 14:30:55 | INFO     | risk_manager         | [RiskManager] 仓位确认 | 数量=0.201000 BTC | 名义=19177.01 USDT | 实际风险=84.11 USDT (0.996%) | 所需保证金=3835.40 USDT
2026-03-09 14:30:55 | INFO     | exit_manager         | [ExitManager] 持仓初始化 | 入场=95427.09 | 止损=94989.53 | 1R=437.56 | TP1=95952.17 | TP2=96302.21 | 数量=0.201000
2026-03-09 14:30:55 | INFO     | exit_manager         | [ExitManager] 止损触发 | 价格=94721.91 | 止损=94989.53 | 数量=0.201000 | PnL=-141.74
2026-03-09 14:30:55 | INFO     | risk_manager         | [RiskManager] 仓位确认 | 数量=0.124000 BTC | 名义=11753.96 USDT | 实际风险=82.65 USDT (0.998%) | 所需保证金=2350.79 USDT
2026-03-09 14:30:55 | INFO     | exit_manager         | [ExitManager] 持仓初始化 | 入场=94808.92 | 止损=94123.41 | 1R=685.51 | TP1=95631.53 | TP2=96179.93 | 数量=0.124000
2026-03-09 14:30:55 | INFO     | exit_manager         | [ExitManager] 保本移损 | 当前价=95553.60 | 新止损=94903.73 | 盈利=1.09R
2026-03-09 14:30:55 | INFO     | exit_manager         | [ExitManager] 止损触发 | 价格=94607.18 | 止损=94903.73 | 数量=0.124000 | PnL=-25.02
2026-03-09 14:31:02 | INFO     | risk_manager         | [RiskManager] 仓位确认 | 数量=0.098000 BTC | 名义=6695.93 USDT | 实际风险=81.83 USDT (0.993%) | 所需保证金=1339.19 USDT
2026-03-09 14:31:02 | INFO     | exit_manager         | [ExitManager] 持仓初始化 | 入场=68339.50 | 止损=67490.78 | 1R=848.72 | TP1=69357.95 | TP2=70036.93 | 数量=0.098000
2026-03-09 14:31:02 | INFO     | exit_manager         | [ExitManager] 止损触发 | 价格=67374.30 | 止损=67490.78 | 数量=0.098000 | PnL=-94.59
2026-03-09 14:31:03 | INFO     | risk_manager         | [RiskManager] 仓位确认 | 数量=0.198000 BTC | 名义=13355.50 USDT | 实际风险=81.10 USDT (0.996%) | 所需保证金=2671.10 USDT
2026-03-09 14:31:03 | INFO     | exit_manager         | [ExitManager] 持仓初始化 | 入场=67465.50 | 止损=67042.39 | 1R=423.11 | TP1=67973.23 | TP2=68311.72 | 数量=0.198000
2026-03-09 14:31:03 | INFO     | exit_manager         | [ExitManager] 止损触发 | 价格=67041.58 | 止损=67042.39 | 数量=0.198000 | PnL=-83.94
2026-03-09 14:31:03 | INFO     | risk_manager         | [RiskManager] 仓位确认 | 数量=0.196000 BTC | 名义=13119.52 USDT | 实际风险=80.38 USDT (0.999%) | 所需保证金=2623.90 USDT
2026-03-09 14:31:03 | INFO     | exit_manager         | [ExitManager] 持仓初始化 | 入场=66949.70 | 止损=66526.21 | 1R=423.49 | TP1=67457.88 | TP2=67862.92 | 数量=0.196000
2026-03-09 14:31:03 | INFO     | exit_manager         | [ExitManager] 保本移损 | 当前价=67503.83 | 新止损=67016.65 | 盈利=1.31R
2026-03-09 14:31:03 | INFO     | exit_manager         | [ExitManager] TP1触发 | 价格=67503.83 | 减仓=0.068600 | 剩余=0.127400 | PnL=38.01
2026-03-09 14:31:03 | INFO     | exit_manager         | [ExitManager] 止损触发 | 价格=66998.09 | 止损=67016.65 | 数量=0.127400 | PnL=6.17
2026-03-09 14:31:03 | INFO     | risk_manager         | [RiskManager] 仓位确认 | 数量=0.118000 BTC | 名义=7914.63 USDT | 实际风险=80.28 USDT (0.994%) | 所需保证金=1582.93 USDT
2026-03-09 14:31:03 | INFO     | exit_manager         | [ExitManager] 持仓初始化 | 入场=67086.54 | 止损=66392.78 | 1R=693.76 | TP1=67919.06 | TP2=68474.07 | 数量=0.118000
2026-03-09 14:31:03 | INFO     | exit_manager         | [ExitManager] 保本移损 | 当前价=67927.79 | 新止损=67153.63 | 盈利=1.21R
2026-03-09 14:31:03 | INFO     | exit_manager         | [ExitManager] TP1触发 | 价格=67927.79 | 减仓=0.041300 | 剩余=0.076700 | PnL=34.74
2026-03-09 14:31:03 | INFO     | exit_manager         | [ExitManager] 止损触发 | 价格=66874.31 | 止损=67153.63 | 数量=0.076700 | PnL=-16.28
2026-03-09 14:31:05 | INFO     | risk_manager         | [RiskManager] 仓位确认 | 数量=0.142000 BTC | 名义=9761.87 USDT | 实际风险=80.78 USDT (0.999%) | 所需保证金=1952.37 USDT
2026-03-09 14:31:05 | INFO     | exit_manager         | [ExitManager] 持仓初始化 | 入场=68759.34 | 止损=68176.74 | 1R=582.60 | TP1=69458.46 | TP2=69924.54 | 数量=0.142000
2026-03-09 14:31:05 | INFO     | exit_manager         | [ExitManager] 保本移损 | 当前价=69414.60 | 新止损=68828.10 | 盈利=1.12R
2026-03-09 14:31:05 | INFO     | exit_manager         | [ExitManager] 止损触发 | 价格=68796.86 | 止损=68828.10 | 数量=0.142000 | PnL=5.33
2026-03-09 14:31:05 | INFO     | risk_manager         | [RiskManager] 仓位确认 | 数量=0.213000 BTC | 名义=14660.80 USDT | 实际风险=80.59 USDT (0.997%) | 所需保证金=2932.16 USDT
2026-03-09 14:31:05 | INFO     | exit_manager         | [ExitManager] 持仓初始化 | 入场=68843.83 | 止损=68451.70 | 1R=392.13 | TP1=69314.38 | TP2=69628.08 | 数量=0.213000
2026-03-09 14:31:05 | INFO     | exit_manager         | [ExitManager] 止损触发 | 价格=68419.34 | 止损=68451.70 | 数量=0.213000 | PnL=-90.42
2026-03-09 14:31:05 | INFO     | risk_manager         | [RiskManager] 仓位确认 | 数量=0.227000 BTC | 名义=15531.14 USDT | 实际风险=79.72 USDT (0.999%) | 所需保证金=3106.23 USDT
2026-03-09 14:31:05 | INFO     | exit_manager         | [ExitManager] 持仓初始化 | 入场=68432.80 | 止损=68067.94 | 1R=364.86 | TP1=68870.64 | TP2=69162.53 | 数量=0.227000
2026-03-09 14:31:05 | INFO     | exit_manager         | [ExitManager] 止损触发 | 价格=67947.75 | 止损=68067.94 | 数量=0.227000 | PnL=-110.11
2026-03-09 14:31:06 | INFO     | risk_manager         | [RiskManager] 仓位确认 | 数量=0.161000 BTC | 名义=10975.75 USDT | 实际风险=78.13 USDT (0.995%) | 所需保证金=2195.15 USDT
2026-03-09 14:31:06 | INFO     | exit_manager         | [ExitManager] 持仓初始化 | 入场=68186.02 | 止损=67687.13 | 1R=498.89 | TP1=68784.70 | TP2=69183.81 | 数量=0.161000
2026-03-09 14:31:06 | INFO     | exit_manager         | [ExitManager] 止损触发 | 价格=67347.00 | 止损=67687.13 | 数量=0.161000 | PnL=-135.08
2026-03-09 14:31:07 | INFO     | risk_manager         | [RiskManager] 仓位确认 | 数量=0.213000 BTC | 名义=14287.04 USDT | 实际风险=76.89 USDT (0.998%) | 所需保证金=2857.41 USDT
2026-03-09 14:31:07 | INFO     | exit_manager         | [ExitManager] 持仓初始化 | 入场=67088.71 | 止损=66714.31 | 1R=374.40 | TP1=67537.98 | TP2=67902.30 | 数量=0.213000
2026-03-09 14:31:07 | INFO     | exit_manager         | [ExitManager] 保本移损 | 当前价=67741.08 | 新止损=67155.79 | 盈利=1.74R
2026-03-09 14:31:07 | INFO     | exit_manager         | [ExitManager] TP1触发 | 价格=67741.08 | 减仓=0.074550 | 剩余=0.138450 | PnL=48.63
2026-03-09 14:31:07 | INFO     | exit_manager         | [ExitManager] 止损触发 | 价格=66979.93 | 止损=67155.79 | 数量=0.138450 | PnL=-15.06
2026-03-09 14:31:07 | INFO     | risk_manager         | [RiskManager] 仓位确认 | 数量=0.261000 BTC | 名义=17515.00 USDT | 实际风险=77.11 USDT (0.998%) | 所需保证金=3503.00 USDT
2026-03-09 14:31:07 | INFO     | exit_manager         | [ExitManager] 持仓初始化 | 入场=67120.71 | 止损=66811.86 | 1R=308.85 | TP1=67491.33 | TP2=67738.41 | 数量=0.261000
2026-03-09 14:31:07 | INFO     | exit_manager         | [ExitManager] 止损触发 | 价格=66464.00 | 止损=66811.86 | 数量=0.261000 | PnL=-171.40
2026-03-09 14:31:08 | INFO     | risk_manager         | [RiskManager] 仓位确认 | 数量=0.141000 BTC | 名义=9621.09 USDT | 实际风险=75.06 USDT (0.996%) | 所需保证金=1924.22 USDT
2026-03-09 14:31:08 | INFO     | exit_manager         | [ExitManager] 持仓初始化 | 入场=68248.30 | 止损=67702.30 | 1R=546.00 | TP1=68903.49 | TP2=69340.29 | 数量=0.141000
2026-03-09 14:31:08 | INFO     | exit_manager         | [ExitManager] 止损触发 | 价格=67571.46 | 止损=67702.30 | 数量=0.141000 | PnL=-95.43
2026-03-09 14:31:08 | INFO     | risk_manager         | [RiskManager] 仓位确认 | 数量=0.145000 BTC | 名义=9821.17 USDT | 实际风险=74.12 USDT (0.997%) | 所需保证金=1964.23 USDT
2026-03-09 14:31:08 | INFO     | exit_manager         | [ExitManager] 持仓初始化 | 入场=67745.75 | 止损=67221.06 | 1R=524.69 | TP1=68375.37 | TP2=68795.12 | 数量=0.145000
2026-03-09 14:31:08 | INFO     | exit_manager         | [ExitManager] 保本移损 | 当前价=68665.31 | 新止损=67813.49 | 盈利=1.75R
2026-03-09 14:31:08 | INFO     | exit_manager         | [ExitManager] TP1触发 | 价格=68665.31 | 减仓=0.050750 | 剩余=0.094250 | PnL=46.67
2026-03-09 14:31:08 | INFO     | exit_manager         | [ExitManager] TP2触发 | 价格=68969.41 | 减仓=0.050750 | 剩余=0.043500 | PnL=62.10
2026-03-09 14:31:09 | INFO     | exit_manager         | [ExitManager] 止损触发 | 价格=71225.69 | 止损=71284.25 | 数量=0.043500 | PnL=151.38
2026-03-09 14:31:09 | INFO     | risk_manager         | [RiskManager] 仓位确认 | 数量=0.133000 BTC | 名义=9439.50 USDT | 实际风险=76.45 USDT (0.995%) | 所需保证金=1887.90 USDT
2026-03-09 14:31:09 | INFO     | exit_manager         | [ExitManager] 持仓初始化 | 入场=70987.84 | 止损=70398.84 | 1R=589.00 | TP1=71694.65 | TP2=72165.85 | 数量=0.133000
2026-03-09 14:31:09 | INFO     | exit_manager         | [ExitManager] 保本移损 | 当前价=71807.12 | 新止损=71058.83 | 盈利=1.39R
2026-03-09 14:31:09 | INFO     | exit_manager         | [ExitManager] TP1触发 | 价格=71807.12 | 减仓=0.046550 | 剩余=0.086450 | PnL=38.14
2026-03-09 14:31:09 | INFO     | exit_manager         | [ExitManager] TP2触发 | 价格=72972.15 | 减仓=0.046550 | 剩余=0.039900 | PnL=92.37
2026-03-09 14:31:09 | INFO     | exit_manager         | [ExitManager] 止损触发 | 价格=73430.17 | 止损=73516.00 | 数量=0.039900 | PnL=97.45
2026-03-09 14:31:10 | INFO     | risk_manager         | [RiskManager] 仓位确认 | 数量=0.214000 BTC | 名义=15635.02 USDT | 实际风险=78.79 USDT (0.997%) | 所需保证金=3127.00 USDT
2026-03-09 14:31:10 | INFO     | exit_manager         | [ExitManager] 持仓初始化 | 入场=73075.45 | 止损=72692.68 | 1R=382.77 | TP1=73534.78 | TP2=73841.00 | 数量=0.214000
2026-03-09 14:31:10 | INFO     | exit_manager         | [ExitManager] 止损触发 | 价格=72538.00 | 止损=72692.68 | 数量=0.214000 | PnL=-115.01
2026-03-09 14:31:10 | INFO     | risk_manager         | [RiskManager] 仓位确认 | 数量=0.246000 BTC | 名义=17885.55 USDT | 实际风险=77.49 USDT (0.997%) | 所需保证金=3577.11 USDT
2026-03-09 14:31:10 | INFO     | exit_manager         | [ExitManager] 持仓初始化 | 入场=72720.02 | 止损=72390.49 | 1R=329.53 | TP1=73115.46 | TP2=73379.08 | 数量=0.246000
2026-03-09 14:31:10 | INFO     | exit_manager         | [ExitManager] 保本移损 | 当前价=73126.28 | 新止损=72792.74 | 盈利=1.23R
2026-03-09 14:31:10 | INFO     | exit_manager         | [ExitManager] TP1触发 | 价格=73126.28 | 减仓=0.086100 | 剩余=0.159900 | PnL=34.98
2026-03-09 14:31:10 | INFO     | exit_manager         | [ExitManager] 止损触发 | 价格=72651.07 | 止损=72792.74 | 数量=0.159900 | PnL=-11.03
2026-03-09 14:31:11 | INFO     | risk_manager         | [RiskManager] 仓位确认 | 数量=0.179000 BTC | 名义=13032.04 USDT | 实际风险=77.46 USDT (0.996%) | 所需保证金=2606.41 USDT
2026-03-09 14:31:11 | INFO     | exit_manager         | [ExitManager] 持仓初始化 | 入场=72819.28 | 止损=72371.97 | 1R=447.31 | TP1=73356.05 | TP2=73713.90 | 数量=0.179000
2026-03-09 14:31:11 | INFO     | exit_manager         | [ExitManager] 止损触发 | 价格=72357.94 | 止损=72371.97 | 数量=0.179000 | PnL=-82.58
2026-03-09 14:31:11 | INFO     | risk_manager         | [RiskManager] 仓位确认 | 数量=0.211000 BTC | 名义=15298.81 USDT | 实际风险=76.79 USDT (1.000%) | 所需保证金=3059.76 USDT
2026-03-09 14:31:11 | INFO     | exit_manager         | [ExitManager] 持仓初始化 | 入场=72520.69 | 止损=72142.24 | 1R=378.45 | TP1=72974.83 | TP2=73277.59 | 数量=0.211000
2026-03-09 14:31:11 | INFO     | exit_manager         | [ExitManager] 保本移损 | 当前价=72922.81 | 新止损=72593.21 | 盈利=1.06R
2026-03-09 14:31:11 | INFO     | exit_manager         | [ExitManager] 止损触发 | 价格=72480.45 | 止损=72593.21 | 数量=0.211000 | PnL=-8.49
2026-03-09 14:31:12 | INFO     | risk_manager         | [RiskManager] 仓位确认 | 数量=0.149000 BTC | 名义=10787.46 USDT | 实际风险=76.11 USDT (0.994%) | 所需保证金=2157.49 USDT
2026-03-09 14:31:12 | INFO     | exit_manager         | [ExitManager] 持仓初始化 | 入场=72413.55 | 止损=71888.28 | 1R=525.27 | TP1=73043.87 | TP2=73464.09 | 数量=0.149000
2026-03-09 14:31:12 | INFO     | exit_manager         | [ExitManager] 止损触发 | 价格=71825.43 | 止损=71888.28 | 数量=0.149000 | PnL=-87.63
2026-03-09 14:31:12 | INFO     | risk_manager         | [RiskManager] 仓位确认 | 数量=0.187000 BTC | 名义=13432.19 USDT | 实际风险=75.35 USDT (0.997%) | 所需保证金=2686.44 USDT
2026-03-09 14:31:12 | INFO     | exit_manager         | [ExitManager] 持仓初始化 | 入场=71844.27 | 止损=71426.95 | 1R=417.32 | TP1=72345.05 | TP2=72678.90 | 数量=0.187000
2026-03-09 14:31:12 | INFO     | exit_manager         | [ExitManager] 保本移损 | 当前价=72333.70 | 新止损=71916.11 | 盈利=1.17R
2026-03-09 14:31:12 | INFO     | exit_manager         | [ExitManager] TP1触发 | 价格=72613.16 | 减仓=0.065450 | 剩余=0.121550 | PnL=50.32
2026-03-09 14:31:12 | INFO     | exit_manager         | [ExitManager] TP2触发 | 价格=72690.81 | 减仓=0.065450 | 剩余=0.056100 | PnL=55.41
2026-03-09 14:31:12 | INFO     | exit_manager         | [ExitManager] 止损触发 | 价格=72837.66 | 止损=73053.54 | 数量=0.056100 | PnL=55.73
2026-03-09 14:31:12 | INFO     | risk_manager         | [RiskManager] 仓位确认 | 数量=0.352000 BTC | 名义=25666.36 USDT | 实际风险=77.00 USDT (0.999%) | 所需保证金=5133.27 USDT
2026-03-09 14:31:12 | INFO     | exit_manager         | [ExitManager] 持仓初始化 | 入场=72930.37 | 止损=72697.04 | 1R=233.33 | TP1=73210.37 | TP2=73397.04 | 数量=0.352000
2026-03-09 14:31:12 | INFO     | exit_manager         | [ExitManager] 止损触发 | 价格=72670.10 | 止损=72697.04 | 数量=0.352000 | PnL=-91.62
2026-03-09 14:31:13 | INFO     | risk_manager         | [RiskManager] 仓位确认 | 数量=0.129000 BTC | 名义=9348.34 USDT | 实际风险=75.49 USDT (0.995%) | 所需保证金=1869.67 USDT
2026-03-09 14:31:13 | INFO     | exit_manager         | [ExitManager] 持仓初始化 | 入场=72482.28 | 止损=71882.63 | 1R=599.65 | TP1=73201.87 | TP2=73681.59 | 数量=0.129000
2026-03-09 14:31:13 | INFO     | exit_manager         | [ExitManager] 止损触发 | 价格=71798.63 | 止损=71882.63 | 数量=0.129000 | PnL=-88.19
2026-03-09 14:31:13 | INFO     | risk_manager         | [RiskManager] 仓位确认 | 数量=0.142000 BTC | 名义=10146.96 USDT | 实际风险=74.70 USDT (0.997%) | 所需保证金=2029.39 USDT
2026-03-09 14:31:13 | INFO     | exit_manager         | [ExitManager] 持仓初始化 | 入场=71471.79 | 止损=70931.44 | 1R=540.35 | TP1=72120.21 | TP2=72625.37 | 数量=0.142000
2026-03-09 14:31:13 | INFO     | exit_manager         | [ExitManager] 止损触发 | 价格=70928.41 | 止损=70931.44 | 数量=0.142000 | PnL=-77.16
2026-03-09 14:31:13 | INFO     | risk_manager         | [RiskManager] 仓位确认 | 数量=0.114000 BTC | 名义=8097.14 USDT | 实际风险=73.87 USDT (0.998%) | 所需保证金=1619.43 USDT
2026-03-09 14:31:13 | INFO     | exit_manager         | [ExitManager] 持仓初始化 | 入场=71041.76 | 止损=70379.58 | 1R=662.18 | TP1=71836.37 | TP2=72399.08 | 数量=0.114000
2026-03-09 14:31:14 | INFO     | exit_manager         | [ExitManager] 止损触发 | 价格=70201.81 | 止损=70379.58 | 数量=0.114000 | PnL=-95.75
2026-03-09 14:31:14 | INFO     | risk_manager         | [RiskManager] 仓位确认 | 数量=0.176000 BTC | 名义=12394.96 USDT | 实际风险=72.63 USDT (0.995%) | 所需保证金=2478.99 USDT
2026-03-09 14:31:14 | INFO     | exit_manager         | [ExitManager] 持仓初始化 | 入场=70440.01 | 止损=70013.26 | 1R=426.75 | TP1=70952.10 | TP2=71293.50 | 数量=0.176000
2026-03-09 14:31:14 | INFO     | exit_manager         | [ExitManager] 保本移损 | 当前价=71075.56 | 新止损=70510.45 | 盈利=1.49R
2026-03-09 14:31:14 | INFO     | exit_manager         | [ExitManager] TP1触发 | 价格=71075.56 | 减仓=0.061600 | 剩余=0.114400 | PnL=39.15
2026-03-09 14:31:14 | INFO     | exit_manager         | [ExitManager] 止损触发 | 价格=70411.58 | 止损=70510.45 | 数量=0.114400 | PnL=-3.25
2026-03-09 14:31:14 | INFO     | risk_manager         | [RiskManager] 仓位确认 | 数量=0.190000 BTC | 名义=13378.20 USDT | 实际风险=73.11 USDT (0.998%) | 所需保证金=2675.64 USDT
2026-03-09 14:31:14 | INFO     | exit_manager         | [ExitManager] 持仓初始化 | 入场=70425.66 | 止损=70026.80 | 1R=398.86 | TP1=70904.30 | TP2=71223.39 | 数量=0.190000
2026-03-09 14:31:14 | INFO     | exit_manager         | [ExitManager] 止损触发 | 价格=69927.54 | 止损=70026.80 | 数量=0.190000 | PnL=-94.64
2026-03-09 14:31:14 | INFO     | risk_manager         | [RiskManager] 仓位确认 | 数量=0.222000 BTC | 名义=15540.93 USDT | 实际风险=72.13 USDT (1.000%) | 所需保证金=3108.19 USDT
2026-03-09 14:31:14 | INFO     | exit_manager         | [ExitManager] 持仓初始化 | 入场=70018.19 | 止损=69679.28 | 1R=338.91 | TP1=70424.88 | TP2=70696.01 | 数量=0.222000
2026-03-09 14:31:14 | INFO     | exit_manager         | [ExitManager] 止损触发 | 价格=69208.00 | 止损=69679.28 | 数量=0.222000 | PnL=-179.86
2026-03-09 14:31:15 | INFO     | backtest             | 
============================================================
  回测开始 | 共识评分=开启
  数据范围: 2025-12-09 18:30:00+00:00 ~ 2026-03-09 18:15:00+00:00
  K线数量: 8640 根
  初始资金: 10000 USDT
============================================================
2026-03-09 14:35:39 | INFO     | root                 | 日志系统初始化完成 | 级别=INFO | 文件=logs/btc_trader.log | 最大10MB × 10个备份
